{"/Users/hatun/Documents/GitHub/merkle-tree/merkleTree.js": {"path":"/Users/hatun/Documents/GitHub/merkle-tree/merkleTree.js","statementMap":{"0":{"start":{"line":1,"column":14},"end":{"line":1,"column":30}},"1":{"start":{"line":2,"column":15},"end":{"line":2,"column":32}},"2":{"start":{"line":6,"column":2},"end":{"line":7,"column":38}},"3":{"start":{"line":7,"column":4},"end":{"line":7,"column":38}},"4":{"start":{"line":9,"column":2},"end":{"line":10,"column":58}},"5":{"start":{"line":10,"column":4},"end":{"line":10,"column":58}},"6":{"start":{"line":12,"column":2},"end":{"line":12,"column":37}},"7":{"start":{"line":16,"column":15},"end":{"line":16,"column":71}},"8":{"start":{"line":18,"column":2},"end":{"line":18,"column":30}},"9":{"start":{"line":22,"column":2},"end":{"line":23,"column":38}},"10":{"start":{"line":23,"column":4},"end":{"line":23,"column":38}},"11":{"start":{"line":25,"column":2},"end":{"line":30,"column":7}},"12":{"start":{"line":26,"column":4},"end":{"line":30,"column":7}},"13":{"start":{"line":32,"column":2},"end":{"line":70,"column":5}},"14":{"start":{"line":33,"column":4},"end":{"line":34,"column":27}},"15":{"start":{"line":34,"column":6},"end":{"line":34,"column":27}},"16":{"start":{"line":36,"column":23},"end":{"line":36,"column":25}},"17":{"start":{"line":38,"column":4},"end":{"line":69,"column":6}},"18":{"start":{"line":41,"column":8},"end":{"line":52,"column":9}},"19":{"start":{"line":42,"column":31},"end":{"line":42,"column":78}},"20":{"start":{"line":43,"column":10},"end":{"line":49,"column":13}},"21":{"start":{"line":44,"column":12},"end":{"line":45,"column":39}},"22":{"start":{"line":45,"column":14},"end":{"line":45,"column":39}},"23":{"start":{"line":47,"column":12},"end":{"line":47,"column":44}},"24":{"start":{"line":48,"column":12},"end":{"line":48,"column":27}},"25":{"start":{"line":51,"column":10},"end":{"line":51,"column":25}},"26":{"start":{"line":55,"column":8},"end":{"line":56,"column":31}},"27":{"start":{"line":56,"column":10},"end":{"line":56,"column":31}},"28":{"start":{"line":58,"column":8},"end":{"line":67,"column":11}},"29":{"start":{"line":59,"column":10},"end":{"line":60,"column":33}},"30":{"start":{"line":60,"column":12},"end":{"line":60,"column":33}},"31":{"start":{"line":62,"column":10},"end":{"line":66,"column":13}},"32":{"start":{"line":74,"column":2},"end":{"line":75,"column":38}},"33":{"start":{"line":75,"column":4},"end":{"line":75,"column":38}},"34":{"start":{"line":77,"column":28},"end":{"line":77,"column":30}},"35":{"start":{"line":79,"column":2},"end":{"line":101,"column":4}},"36":{"start":{"line":82,"column":6},"end":{"line":88,"column":9}},"37":{"start":{"line":83,"column":8},"end":{"line":84,"column":35}},"38":{"start":{"line":84,"column":10},"end":{"line":84,"column":35}},"39":{"start":{"line":86,"column":8},"end":{"line":86,"column":40}},"40":{"start":{"line":87,"column":8},"end":{"line":87,"column":23}},"41":{"start":{"line":91,"column":6},"end":{"line":92,"column":29}},"42":{"start":{"line":92,"column":8},"end":{"line":92,"column":29}},"43":{"start":{"line":94,"column":6},"end":{"line":99,"column":9}},"44":{"start":{"line":95,"column":8},"end":{"line":96,"column":31}},"45":{"start":{"line":96,"column":10},"end":{"line":96,"column":31}},"46":{"start":{"line":98,"column":8},"end":{"line":98,"column":42}},"47":{"start":{"line":105,"column":2},"end":{"line":106,"column":53}},"48":{"start":{"line":106,"column":4},"end":{"line":106,"column":53}},"49":{"start":{"line":108,"column":2},"end":{"line":108,"column":41}},"50":{"start":{"line":112,"column":2},"end":{"line":113,"column":53}},"51":{"start":{"line":113,"column":4},"end":{"line":113,"column":53}},"52":{"start":{"line":115,"column":2},"end":{"line":116,"column":46}},"53":{"start":{"line":116,"column":4},"end":{"line":116,"column":46}},"54":{"start":{"line":118,"column":30},"end":{"line":118,"column":62}},"55":{"start":{"line":120,"column":2},"end":{"line":125,"column":5}},"56":{"start":{"line":121,"column":4},"end":{"line":122,"column":26}},"57":{"start":{"line":122,"column":6},"end":{"line":122,"column":26}},"58":{"start":{"line":124,"column":4},"end":{"line":124,"column":38}},"59":{"start":{"line":129,"column":2},"end":{"line":130,"column":35}},"60":{"start":{"line":130,"column":4},"end":{"line":130,"column":35}},"61":{"start":{"line":132,"column":24},"end":{"line":132,"column":99}},"62":{"start":{"line":132,"column":72},"end":{"line":132,"column":98}},"63":{"start":{"line":134,"column":2},"end":{"line":135,"column":35}},"64":{"start":{"line":135,"column":4},"end":{"line":135,"column":35}},"65":{"start":{"line":137,"column":21},"end":{"line":137,"column":92}},"66":{"start":{"line":137,"column":64},"end":{"line":137,"column":91}},"67":{"start":{"line":139,"column":2},"end":{"line":144,"column":4}},"68":{"start":{"line":140,"column":4},"end":{"line":141,"column":20}},"69":{"start":{"line":141,"column":6},"end":{"line":141,"column":20}},"70":{"start":{"line":143,"column":4},"end":{"line":143,"column":43}},"71":{"start":{"line":149,"column":2},"end":{"line":150,"column":30}},"72":{"start":{"line":150,"column":4},"end":{"line":150,"column":30}},"73":{"start":{"line":152,"column":2},"end":{"line":155,"column":3}},"74":{"start":{"line":153,"column":4},"end":{"line":153,"column":37}},"75":{"start":{"line":154,"column":4},"end":{"line":154,"column":11}},"76":{"start":{"line":157,"column":2},"end":{"line":157,"column":121}},"77":{"start":{"line":159,"column":2},"end":{"line":162,"column":46}},"78":{"start":{"line":160,"column":4},"end":{"line":160,"column":46}},"79":{"start":{"line":162,"column":4},"end":{"line":162,"column":46}},"80":{"start":{"line":165,"column":2},"end":{"line":165,"column":66}},"81":{"start":{"line":167,"column":2},"end":{"line":167,"column":68}},"82":{"start":{"line":169,"column":2},"end":{"line":170,"column":30}},"83":{"start":{"line":170,"column":4},"end":{"line":170,"column":30}},"84":{"start":{"line":172,"column":2},"end":{"line":172,"column":55}},"85":{"start":{"line":174,"column":2},"end":{"line":179,"column":4}},"86":{"start":{"line":175,"column":4},"end":{"line":176,"column":27}},"87":{"start":{"line":176,"column":6},"end":{"line":176,"column":27}},"88":{"start":{"line":178,"column":4},"end":{"line":178,"column":38}},"89":{"start":{"line":183,"column":2},"end":{"line":184,"column":30}},"90":{"start":{"line":184,"column":4},"end":{"line":184,"column":30}},"91":{"start":{"line":186,"column":23},"end":{"line":186,"column":25}},"92":{"start":{"line":188,"column":24},"end":{"line":188,"column":95}},"93":{"start":{"line":188,"column":70},"end":{"line":188,"column":94}},"94":{"start":{"line":190,"column":2},"end":{"line":193,"column":39}},"95":{"start":{"line":191,"column":4},"end":{"line":191,"column":39}},"96":{"start":{"line":193,"column":4},"end":{"line":193,"column":39}},"97":{"start":{"line":195,"column":2},"end":{"line":195,"column":51}},"98":{"start":{"line":197,"column":28},"end":{"line":197,"column":57}},"99":{"start":{"line":198,"column":2},"end":{"line":199,"column":26}},"100":{"start":{"line":199,"column":4},"end":{"line":199,"column":26}},"101":{"start":{"line":201,"column":38},"end":{"line":208,"column":3}},"102":{"start":{"line":209,"column":2},"end":{"line":209,"column":43}},"103":{"start":{"line":211,"column":2},"end":{"line":216,"column":5}},"104":{"start":{"line":212,"column":4},"end":{"line":213,"column":27}},"105":{"start":{"line":213,"column":6},"end":{"line":213,"column":27}},"106":{"start":{"line":215,"column":4},"end":{"line":215,"column":49}},"107":{"start":{"line":220,"column":2},"end":{"line":220,"column":34}},"108":{"start":{"line":222,"column":2},"end":{"line":223,"column":35}},"109":{"start":{"line":223,"column":4},"end":{"line":223,"column":35}},"110":{"start":{"line":225,"column":2},"end":{"line":226,"column":43}},"111":{"start":{"line":226,"column":4},"end":{"line":226,"column":43}},"112":{"start":{"line":228,"column":27},"end":{"line":228,"column":29}},"113":{"start":{"line":231,"column":2},"end":{"line":232,"column":69}},"114":{"start":{"line":232,"column":4},"end":{"line":232,"column":69}},"115":{"start":{"line":233,"column":2},"end":{"line":234,"column":69}},"116":{"start":{"line":234,"column":4},"end":{"line":234,"column":69}},"117":{"start":{"line":236,"column":2},"end":{"line":236,"column":15}},"118":{"start":{"line":238,"column":2},"end":{"line":260,"column":4}},"119":{"start":{"line":239,"column":4},"end":{"line":240,"column":27}},"120":{"start":{"line":240,"column":6},"end":{"line":240,"column":27}},"121":{"start":{"line":242,"column":4},"end":{"line":242,"column":58}},"122":{"start":{"line":244,"column":4},"end":{"line":259,"column":6}},"123":{"start":{"line":247,"column":8},"end":{"line":250,"column":9}},"124":{"start":{"line":248,"column":10},"end":{"line":248,"column":27}},"125":{"start":{"line":249,"column":10},"end":{"line":249,"column":41}},"126":{"start":{"line":251,"column":8},"end":{"line":251,"column":23}},"127":{"start":{"line":254,"column":8},"end":{"line":255,"column":31}},"128":{"start":{"line":255,"column":10},"end":{"line":255,"column":31}},"129":{"start":{"line":257,"column":8},"end":{"line":257,"column":79}},"130":{"start":{"line":264,"column":2},"end":{"line":265,"column":38}},"131":{"start":{"line":265,"column":4},"end":{"line":265,"column":38}},"132":{"start":{"line":269,"column":13},"end":{"line":269,"column":15}},"133":{"start":{"line":271,"column":2},"end":{"line":288,"column":5}},"134":{"start":{"line":272,"column":4},"end":{"line":273,"column":27}},"135":{"start":{"line":273,"column":6},"end":{"line":273,"column":27}},"136":{"start":{"line":275,"column":4},"end":{"line":275,"column":32}},"137":{"start":{"line":276,"column":4},"end":{"line":276,"column":35}},"138":{"start":{"line":278,"column":4},"end":{"line":286,"column":6}},"139":{"start":{"line":279,"column":6},"end":{"line":280,"column":29}},"140":{"start":{"line":280,"column":8},"end":{"line":280,"column":29}},"141":{"start":{"line":282,"column":6},"end":{"line":283,"column":36}},"142":{"start":{"line":283,"column":8},"end":{"line":283,"column":36}},"143":{"start":{"line":285,"column":6},"end":{"line":285,"column":35}},"144":{"start":{"line":318,"column":0},"end":{"line":325,"column":2}}},"fnMap":{"0":{"name":"repeatLastElementIfNotEven","decl":{"start":{"line":5,"column":9},"end":{"line":5,"column":35}},"loc":{"start":{"line":5,"column":59},"end":{"line":13,"column":1}},"line":5},"1":{"name":"sha256","decl":{"start":{"line":15,"column":9},"end":{"line":15,"column":15}},"loc":{"start":{"line":15,"column":39},"end":{"line":19,"column":1}},"line":15},"2":{"name":"recursiveGenerateMerkleTree","decl":{"start":{"line":21,"column":9},"end":{"line":21,"column":36}},"loc":{"start":{"line":21,"column":79},"end":{"line":71,"column":1}},"line":21},"3":{"name":"(anonymous_3)","decl":{"start":{"line":32,"column":40},"end":{"line":32,"column":41}},"loc":{"start":{"line":32,"column":64},"end":{"line":70,"column":3}},"line":32},"4":{"name":"(anonymous_4)","decl":{"start":{"line":40,"column":6},"end":{"line":40,"column":7}},"loc":{"start":{"line":40,"column":38},"end":{"line":53,"column":7}},"line":40},"5":{"name":"(anonymous_5)","decl":{"start":{"line":43,"column":49},"end":{"line":43,"column":50}},"loc":{"start":{"line":43,"column":74},"end":{"line":49,"column":11}},"line":43},"6":{"name":"(anonymous_6)","decl":{"start":{"line":54,"column":6},"end":{"line":54,"column":7}},"loc":{"start":{"line":54,"column":15},"end":{"line":68,"column":7}},"line":54},"7":{"name":"(anonymous_7)","decl":{"start":{"line":58,"column":69},"end":{"line":58,"column":70}},"loc":{"start":{"line":58,"column":89},"end":{"line":67,"column":9}},"line":58},"8":{"name":"createMerkleTree","decl":{"start":{"line":73,"column":9},"end":{"line":73,"column":25}},"loc":{"start":{"line":73,"column":49},"end":{"line":102,"column":1}},"line":73},"9":{"name":"(anonymous_9)","decl":{"start":{"line":81,"column":4},"end":{"line":81,"column":5}},"loc":{"start":{"line":81,"column":35},"end":{"line":89,"column":5}},"line":81},"10":{"name":"(anonymous_10)","decl":{"start":{"line":82,"column":37},"end":{"line":82,"column":38}},"loc":{"start":{"line":82,"column":52},"end":{"line":88,"column":7}},"line":82},"11":{"name":"(anonymous_11)","decl":{"start":{"line":90,"column":4},"end":{"line":90,"column":5}},"loc":{"start":{"line":90,"column":13},"end":{"line":100,"column":5}},"line":90},"12":{"name":"(anonymous_12)","decl":{"start":{"line":94,"column":66},"end":{"line":94,"column":67}},"loc":{"start":{"line":94,"column":87},"end":{"line":99,"column":7}},"line":94},"13":{"name":"getMerkleRoot","decl":{"start":{"line":104,"column":9},"end":{"line":104,"column":22}},"loc":{"start":{"line":104,"column":45},"end":{"line":109,"column":1}},"line":104},"14":{"name":"addLeaf","decl":{"start":{"line":111,"column":9},"end":{"line":111,"column":16}},"loc":{"start":{"line":111,"column":54},"end":{"line":126,"column":1}},"line":111},"15":{"name":"(anonymous_15)","decl":{"start":{"line":120,"column":40},"end":{"line":120,"column":41}},"loc":{"start":{"line":120,"column":61},"end":{"line":125,"column":3}},"line":120},"16":{"name":"removeLeaf","decl":{"start":{"line":128,"column":9},"end":{"line":128,"column":19}},"loc":{"start":{"line":128,"column":55},"end":{"line":146,"column":1}},"line":128},"17":{"name":"(anonymous_17)","decl":{"start":{"line":132,"column":57},"end":{"line":132,"column":58}},"loc":{"start":{"line":132,"column":72},"end":{"line":132,"column":98}},"line":132},"18":{"name":"(anonymous_18)","decl":{"start":{"line":137,"column":51},"end":{"line":137,"column":52}},"loc":{"start":{"line":137,"column":64},"end":{"line":137,"column":91}},"line":137},"19":{"name":"(anonymous_19)","decl":{"start":{"line":139,"column":33},"end":{"line":139,"column":34}},"loc":{"start":{"line":139,"column":66},"end":{"line":144,"column":3}},"line":139},"20":{"name":"recursiveGenerateUpperTreeWitnesses","decl":{"start":{"line":148,"column":9},"end":{"line":148,"column":44}},"loc":{"start":{"line":148,"column":62},"end":{"line":180,"column":1}},"line":148},"21":{"name":"(anonymous_21)","decl":{"start":{"line":174,"column":44},"end":{"line":174,"column":45}},"loc":{"start":{"line":174,"column":76},"end":{"line":179,"column":3}},"line":174},"22":{"name":"generateMerkleProof","decl":{"start":{"line":182,"column":9},"end":{"line":182,"column":28}},"loc":{"start":{"line":182,"column":63},"end":{"line":217,"column":1}},"line":182},"23":{"name":"(anonymous_23)","decl":{"start":{"line":188,"column":57},"end":{"line":188,"column":58}},"loc":{"start":{"line":188,"column":70},"end":{"line":188,"column":94}},"line":188},"24":{"name":"(anonymous_24)","decl":{"start":{"line":211,"column":67},"end":{"line":211,"column":68}},"loc":{"start":{"line":211,"column":99},"end":{"line":216,"column":3}},"line":211},"25":{"name":"recursivelyVerifyMerkleProof","decl":{"start":{"line":219,"column":9},"end":{"line":219,"column":37}},"loc":{"start":{"line":219,"column":83},"end":{"line":261,"column":1}},"line":219},"26":{"name":"(anonymous_26)","decl":{"start":{"line":238,"column":36},"end":{"line":238,"column":37}},"loc":{"start":{"line":238,"column":75},"end":{"line":260,"column":3}},"line":238},"27":{"name":"(anonymous_27)","decl":{"start":{"line":246,"column":6},"end":{"line":246,"column":7}},"loc":{"start":{"line":246,"column":38},"end":{"line":252,"column":7}},"line":246},"28":{"name":"(anonymous_28)","decl":{"start":{"line":253,"column":6},"end":{"line":253,"column":7}},"loc":{"start":{"line":253,"column":15},"end":{"line":258,"column":7}},"line":253},"29":{"name":"verifyMerkleProof","decl":{"start":{"line":263,"column":9},"end":{"line":263,"column":26}},"loc":{"start":{"line":263,"column":73},"end":{"line":289,"column":1}},"line":263},"30":{"name":"(anonymous_30)","decl":{"start":{"line":271,"column":35},"end":{"line":271,"column":36}},"loc":{"start":{"line":271,"column":62},"end":{"line":288,"column":3}},"line":271},"31":{"name":"(anonymous_31)","decl":{"start":{"line":278,"column":51},"end":{"line":278,"column":52}},"loc":{"start":{"line":278,"column":72},"end":{"line":286,"column":5}},"line":278}},"branchMap":{"0":{"loc":{"start":{"line":6,"column":2},"end":{"line":7,"column":38}},"type":"if","locations":[{"start":{"line":6,"column":2},"end":{"line":7,"column":38}},{"start":{},"end":{}}],"line":6},"1":{"loc":{"start":{"line":9,"column":2},"end":{"line":10,"column":58}},"type":"if","locations":[{"start":{"line":9,"column":2},"end":{"line":10,"column":58}},{"start":{},"end":{}}],"line":9},"2":{"loc":{"start":{"line":22,"column":2},"end":{"line":23,"column":38}},"type":"if","locations":[{"start":{"line":22,"column":2},"end":{"line":23,"column":38}},{"start":{},"end":{}}],"line":22},"3":{"loc":{"start":{"line":25,"column":2},"end":{"line":30,"column":7}},"type":"if","locations":[{"start":{"line":25,"column":2},"end":{"line":30,"column":7}},{"start":{},"end":{}}],"line":25},"4":{"loc":{"start":{"line":33,"column":4},"end":{"line":34,"column":27}},"type":"if","locations":[{"start":{"line":33,"column":4},"end":{"line":34,"column":27}},{"start":{},"end":{}}],"line":33},"5":{"loc":{"start":{"line":41,"column":8},"end":{"line":52,"column":9}},"type":"if","locations":[{"start":{"line":41,"column":8},"end":{"line":52,"column":9}},{"start":{"line":50,"column":15},"end":{"line":52,"column":9}}],"line":41},"6":{"loc":{"start":{"line":44,"column":12},"end":{"line":45,"column":39}},"type":"if","locations":[{"start":{"line":44,"column":12},"end":{"line":45,"column":39}},{"start":{},"end":{}}],"line":44},"7":{"loc":{"start":{"line":55,"column":8},"end":{"line":56,"column":31}},"type":"if","locations":[{"start":{"line":55,"column":8},"end":{"line":56,"column":31}},{"start":{},"end":{}}],"line":55},"8":{"loc":{"start":{"line":59,"column":10},"end":{"line":60,"column":33}},"type":"if","locations":[{"start":{"line":59,"column":10},"end":{"line":60,"column":33}},{"start":{},"end":{}}],"line":59},"9":{"loc":{"start":{"line":74,"column":2},"end":{"line":75,"column":38}},"type":"if","locations":[{"start":{"line":74,"column":2},"end":{"line":75,"column":38}},{"start":{},"end":{}}],"line":74},"10":{"loc":{"start":{"line":83,"column":8},"end":{"line":84,"column":35}},"type":"if","locations":[{"start":{"line":83,"column":8},"end":{"line":84,"column":35}},{"start":{},"end":{}}],"line":83},"11":{"loc":{"start":{"line":91,"column":6},"end":{"line":92,"column":29}},"type":"if","locations":[{"start":{"line":91,"column":6},"end":{"line":92,"column":29}},{"start":{},"end":{}}],"line":91},"12":{"loc":{"start":{"line":95,"column":8},"end":{"line":96,"column":31}},"type":"if","locations":[{"start":{"line":95,"column":8},"end":{"line":96,"column":31}},{"start":{},"end":{}}],"line":95},"13":{"loc":{"start":{"line":105,"column":2},"end":{"line":106,"column":53}},"type":"if","locations":[{"start":{"line":105,"column":2},"end":{"line":106,"column":53}},{"start":{},"end":{}}],"line":105},"14":{"loc":{"start":{"line":112,"column":2},"end":{"line":113,"column":53}},"type":"if","locations":[{"start":{"line":112,"column":2},"end":{"line":113,"column":53}},{"start":{},"end":{}}],"line":112},"15":{"loc":{"start":{"line":115,"column":2},"end":{"line":116,"column":46}},"type":"if","locations":[{"start":{"line":115,"column":2},"end":{"line":116,"column":46}},{"start":{},"end":{}}],"line":115},"16":{"loc":{"start":{"line":121,"column":4},"end":{"line":122,"column":26}},"type":"if","locations":[{"start":{"line":121,"column":4},"end":{"line":122,"column":26}},{"start":{},"end":{}}],"line":121},"17":{"loc":{"start":{"line":129,"column":2},"end":{"line":130,"column":35}},"type":"if","locations":[{"start":{"line":129,"column":2},"end":{"line":130,"column":35}},{"start":{},"end":{}}],"line":129},"18":{"loc":{"start":{"line":134,"column":2},"end":{"line":135,"column":35}},"type":"if","locations":[{"start":{"line":134,"column":2},"end":{"line":135,"column":35}},{"start":{},"end":{}}],"line":134},"19":{"loc":{"start":{"line":140,"column":4},"end":{"line":141,"column":20}},"type":"if","locations":[{"start":{"line":140,"column":4},"end":{"line":141,"column":20}},{"start":{},"end":{}}],"line":140},"20":{"loc":{"start":{"line":149,"column":2},"end":{"line":150,"column":30}},"type":"if","locations":[{"start":{"line":149,"column":2},"end":{"line":150,"column":30}},{"start":{},"end":{}}],"line":149},"21":{"loc":{"start":{"line":152,"column":2},"end":{"line":155,"column":3}},"type":"if","locations":[{"start":{"line":152,"column":2},"end":{"line":155,"column":3}},{"start":{},"end":{}}],"line":152},"22":{"loc":{"start":{"line":159,"column":2},"end":{"line":162,"column":46}},"type":"if","locations":[{"start":{"line":159,"column":2},"end":{"line":162,"column":46}},{"start":{"line":162,"column":4},"end":{"line":162,"column":46}}],"line":159},"23":{"loc":{"start":{"line":169,"column":2},"end":{"line":170,"column":30}},"type":"if","locations":[{"start":{"line":169,"column":2},"end":{"line":170,"column":30}},{"start":{},"end":{}}],"line":169},"24":{"loc":{"start":{"line":175,"column":4},"end":{"line":176,"column":27}},"type":"if","locations":[{"start":{"line":175,"column":4},"end":{"line":176,"column":27}},{"start":{},"end":{}}],"line":175},"25":{"loc":{"start":{"line":183,"column":2},"end":{"line":184,"column":30}},"type":"if","locations":[{"start":{"line":183,"column":2},"end":{"line":184,"column":30}},{"start":{},"end":{}}],"line":183},"26":{"loc":{"start":{"line":190,"column":2},"end":{"line":193,"column":39}},"type":"if","locations":[{"start":{"line":190,"column":2},"end":{"line":193,"column":39}},{"start":{"line":193,"column":4},"end":{"line":193,"column":39}}],"line":190},"27":{"loc":{"start":{"line":198,"column":2},"end":{"line":199,"column":26}},"type":"if","locations":[{"start":{"line":198,"column":2},"end":{"line":199,"column":26}},{"start":{},"end":{}}],"line":198},"28":{"loc":{"start":{"line":212,"column":4},"end":{"line":213,"column":27}},"type":"if","locations":[{"start":{"line":212,"column":4},"end":{"line":213,"column":27}},{"start":{},"end":{}}],"line":212},"29":{"loc":{"start":{"line":222,"column":2},"end":{"line":223,"column":35}},"type":"if","locations":[{"start":{"line":222,"column":2},"end":{"line":223,"column":35}},{"start":{},"end":{}}],"line":222},"30":{"loc":{"start":{"line":225,"column":2},"end":{"line":226,"column":43}},"type":"if","locations":[{"start":{"line":225,"column":2},"end":{"line":226,"column":43}},{"start":{},"end":{}}],"line":225},"31":{"loc":{"start":{"line":231,"column":2},"end":{"line":232,"column":69}},"type":"if","locations":[{"start":{"line":231,"column":2},"end":{"line":232,"column":69}},{"start":{},"end":{}}],"line":231},"32":{"loc":{"start":{"line":233,"column":2},"end":{"line":234,"column":69}},"type":"if","locations":[{"start":{"line":233,"column":2},"end":{"line":234,"column":69}},{"start":{},"end":{}}],"line":233},"33":{"loc":{"start":{"line":239,"column":4},"end":{"line":240,"column":27}},"type":"if","locations":[{"start":{"line":239,"column":4},"end":{"line":240,"column":27}},{"start":{},"end":{}}],"line":239},"34":{"loc":{"start":{"line":247,"column":8},"end":{"line":250,"column":9}},"type":"if","locations":[{"start":{"line":247,"column":8},"end":{"line":250,"column":9}},{"start":{},"end":{}}],"line":247},"35":{"loc":{"start":{"line":247,"column":11},"end":{"line":247,"column":35}},"type":"binary-expr","locations":[{"start":{"line":247,"column":11},"end":{"line":247,"column":21}},{"start":{"line":247,"column":25},"end":{"line":247,"column":35}}],"line":247},"36":{"loc":{"start":{"line":254,"column":8},"end":{"line":255,"column":31}},"type":"if","locations":[{"start":{"line":254,"column":8},"end":{"line":255,"column":31}},{"start":{},"end":{}}],"line":254},"37":{"loc":{"start":{"line":264,"column":2},"end":{"line":265,"column":38}},"type":"if","locations":[{"start":{"line":264,"column":2},"end":{"line":265,"column":38}},{"start":{},"end":{}}],"line":264},"38":{"loc":{"start":{"line":272,"column":4},"end":{"line":273,"column":27}},"type":"if","locations":[{"start":{"line":272,"column":4},"end":{"line":273,"column":27}},{"start":{},"end":{}}],"line":272},"39":{"loc":{"start":{"line":279,"column":6},"end":{"line":280,"column":29}},"type":"if","locations":[{"start":{"line":279,"column":6},"end":{"line":280,"column":29}},{"start":{},"end":{}}],"line":279},"40":{"loc":{"start":{"line":282,"column":6},"end":{"line":283,"column":36}},"type":"if","locations":[{"start":{"line":282,"column":6},"end":{"line":283,"column":36}},{"start":{},"end":{}}],"line":282}},"s":{"0":1,"1":1,"2":8,"3":0,"4":8,"5":3,"6":8,"7":28,"8":28,"9":13,"10":0,"11":13,"12":5,"13":8,"14":8,"15":0,"16":8,"17":8,"18":26,"19":13,"20":13,"21":13,"22":0,"23":13,"24":13,"25":13,"26":8,"27":0,"28":8,"29":8,"30":0,"31":8,"32":5,"33":0,"34":5,"35":5,"36":15,"37":15,"38":0,"39":15,"40":15,"41":5,"42":0,"43":5,"44":5,"45":0,"46":5,"47":0,"48":0,"49":0,"50":0,"51":0,"52":0,"53":0,"54":0,"55":0,"56":0,"57":0,"58":0,"59":0,"60":0,"61":0,"62":0,"63":0,"64":0,"65":0,"66":0,"67":0,"68":0,"69":0,"70":0,"71":0,"72":0,"73":0,"74":0,"75":0,"76":0,"77":0,"78":0,"79":0,"80":0,"81":0,"82":0,"83":0,"84":0,"85":0,"86":0,"87":0,"88":0,"89":0,"90":0,"91":0,"92":0,"93":0,"94":0,"95":0,"96":0,"97":0,"98":0,"99":0,"100":0,"101":0,"102":0,"103":0,"104":0,"105":0,"106":0,"107":0,"108":0,"109":0,"110":0,"111":0,"112":0,"113":0,"114":0,"115":0,"116":0,"117":0,"118":0,"119":0,"120":0,"121":0,"122":0,"123":0,"124":0,"125":0,"126":0,"127":0,"128":0,"129":0,"130":0,"131":0,"132":0,"133":0,"134":0,"135":0,"136":0,"137":0,"138":0,"139":0,"140":0,"141":0,"142":0,"143":0,"144":1},"f":{"0":8,"1":28,"2":13,"3":8,"4":26,"5":13,"6":8,"7":8,"8":5,"9":15,"10":15,"11":5,"12":5,"13":0,"14":0,"15":0,"16":0,"17":0,"18":0,"19":0,"20":0,"21":0,"22":0,"23":0,"24":0,"25":0,"26":0,"27":0,"28":0,"29":0,"30":0,"31":0},"b":{"0":[0,8],"1":[3,5],"2":[0,13],"3":[5,8],"4":[0,8],"5":[13,13],"6":[0,13],"7":[0,8],"8":[0,8],"9":[0,5],"10":[0,15],"11":[0,5],"12":[0,5],"13":[0,0],"14":[0,0],"15":[0,0],"16":[0,0],"17":[0,0],"18":[0,0],"19":[0,0],"20":[0,0],"21":[0,0],"22":[0,0],"23":[0,0],"24":[0,0],"25":[0,0],"26":[0,0],"27":[0,0],"28":[0,0],"29":[0,0],"30":[0,0],"31":[0,0],"32":[0,0],"33":[0,0],"34":[0,0],"35":[0,0],"36":[0,0],"37":[0,0],"38":[0,0],"39":[0,0],"40":[0,0]},"_coverageSchema":"1a1c01bbd47fc00a2c39e90264f33305004495a9","hash":"7437d2f915e5d87153e06ff8352c18de24ab9b15"}
}
