TN:
SF:merkleTree.js
FN:5,repeatLastElementIfNotEven
FN:15,sha256
FN:21,recursiveGenerateMerkleTree
FN:32,(anonymous_3)
FN:40,(anonymous_4)
FN:43,(anonymous_5)
FN:54,(anonymous_6)
FN:58,(anonymous_7)
FN:73,createMerkleTree
FN:81,(anonymous_9)
FN:82,(anonymous_10)
FN:90,(anonymous_11)
FN:94,(anonymous_12)
FN:104,getMerkleRoot
FN:111,addLeaf
FN:120,(anonymous_15)
FN:128,removeLeaf
FN:132,(anonymous_17)
FN:137,(anonymous_18)
FN:139,(anonymous_19)
FN:148,recursiveGenerateUpperTreeWitnesses
FN:174,(anonymous_21)
FN:182,generateMerkleProof
FN:188,(anonymous_23)
FN:211,(anonymous_24)
FN:219,recursivelyVerifyMerkleProof
FN:238,(anonymous_26)
FN:246,(anonymous_27)
FN:253,(anonymous_28)
FN:263,verifyMerkleProof
FN:271,(anonymous_30)
FN:278,(anonymous_31)
FNF:32
FNH:13
FNDA:8,repeatLastElementIfNotEven
FNDA:28,sha256
FNDA:13,recursiveGenerateMerkleTree
FNDA:8,(anonymous_3)
FNDA:26,(anonymous_4)
FNDA:13,(anonymous_5)
FNDA:8,(anonymous_6)
FNDA:8,(anonymous_7)
FNDA:5,createMerkleTree
FNDA:15,(anonymous_9)
FNDA:15,(anonymous_10)
FNDA:5,(anonymous_11)
FNDA:5,(anonymous_12)
FNDA:0,getMerkleRoot
FNDA:0,addLeaf
FNDA:0,(anonymous_15)
FNDA:0,removeLeaf
FNDA:0,(anonymous_17)
FNDA:0,(anonymous_18)
FNDA:0,(anonymous_19)
FNDA:0,recursiveGenerateUpperTreeWitnesses
FNDA:0,(anonymous_21)
FNDA:0,generateMerkleProof
FNDA:0,(anonymous_23)
FNDA:0,(anonymous_24)
FNDA:0,recursivelyVerifyMerkleProof
FNDA:0,(anonymous_26)
FNDA:0,(anonymous_27)
FNDA:0,(anonymous_28)
FNDA:0,verifyMerkleProof
FNDA:0,(anonymous_30)
FNDA:0,(anonymous_31)
DA:1,1
DA:2,1
DA:6,8
DA:7,0
DA:9,8
DA:10,3
DA:12,8
DA:16,28
DA:18,28
DA:22,13
DA:23,0
DA:25,13
DA:26,5
DA:32,8
DA:33,8
DA:34,0
DA:36,8
DA:38,8
DA:41,26
DA:42,13
DA:43,13
DA:44,13
DA:45,0
DA:47,13
DA:48,13
DA:51,13
DA:55,8
DA:56,0
DA:58,8
DA:59,8
DA:60,0
DA:62,8
DA:74,5
DA:75,0
DA:77,5
DA:79,5
DA:82,15
DA:83,15
DA:84,0
DA:86,15
DA:87,15
DA:91,5
DA:92,0
DA:94,5
DA:95,5
DA:96,0
DA:98,5
DA:105,0
DA:106,0
DA:108,0
DA:112,0
DA:113,0
DA:115,0
DA:116,0
DA:118,0
DA:120,0
DA:121,0
DA:122,0
DA:124,0
DA:129,0
DA:130,0
DA:132,0
DA:134,0
DA:135,0
DA:137,0
DA:139,0
DA:140,0
DA:141,0
DA:143,0
DA:149,0
DA:150,0
DA:152,0
DA:153,0
DA:154,0
DA:157,0
DA:159,0
DA:160,0
DA:162,0
DA:165,0
DA:167,0
DA:169,0
DA:170,0
DA:172,0
DA:174,0
DA:175,0
DA:176,0
DA:178,0
DA:183,0
DA:184,0
DA:186,0
DA:188,0
DA:190,0
DA:191,0
DA:193,0
DA:195,0
DA:197,0
DA:198,0
DA:199,0
DA:201,0
DA:209,0
DA:211,0
DA:212,0
DA:213,0
DA:215,0
DA:220,0
DA:222,0
DA:223,0
DA:225,0
DA:226,0
DA:228,0
DA:231,0
DA:232,0
DA:233,0
DA:234,0
DA:236,0
DA:238,0
DA:239,0
DA:240,0
DA:242,0
DA:244,0
DA:247,0
DA:248,0
DA:249,0
DA:251,0
DA:254,0
DA:255,0
DA:257,0
DA:264,0
DA:265,0
DA:269,0
DA:271,0
DA:272,0
DA:273,0
DA:275,0
DA:276,0
DA:278,0
DA:279,0
DA:280,0
DA:282,0
DA:283,0
DA:285,0
DA:318,1
LF:142
LH:38
BRDA:6,0,0,0
BRDA:6,0,1,8
BRDA:9,1,0,3
BRDA:9,1,1,5
BRDA:22,2,0,0
BRDA:22,2,1,13
BRDA:25,3,0,5
BRDA:25,3,1,8
BRDA:33,4,0,0
BRDA:33,4,1,8
BRDA:41,5,0,13
BRDA:41,5,1,13
BRDA:44,6,0,0
BRDA:44,6,1,13
BRDA:55,7,0,0
BRDA:55,7,1,8
BRDA:59,8,0,0
BRDA:59,8,1,8
BRDA:74,9,0,0
BRDA:74,9,1,5
BRDA:83,10,0,0
BRDA:83,10,1,15
BRDA:91,11,0,0
BRDA:91,11,1,5
BRDA:95,12,0,0
BRDA:95,12,1,5
BRDA:105,13,0,0
BRDA:105,13,1,0
BRDA:112,14,0,0
BRDA:112,14,1,0
BRDA:115,15,0,0
BRDA:115,15,1,0
BRDA:121,16,0,0
BRDA:121,16,1,0
BRDA:129,17,0,0
BRDA:129,17,1,0
BRDA:134,18,0,0
BRDA:134,18,1,0
BRDA:140,19,0,0
BRDA:140,19,1,0
BRDA:149,20,0,0
BRDA:149,20,1,0
BRDA:152,21,0,0
BRDA:152,21,1,0
BRDA:159,22,0,0
BRDA:159,22,1,0
BRDA:169,23,0,0
BRDA:169,23,1,0
BRDA:175,24,0,0
BRDA:175,24,1,0
BRDA:183,25,0,0
BRDA:183,25,1,0
BRDA:190,26,0,0
BRDA:190,26,1,0
BRDA:198,27,0,0
BRDA:198,27,1,0
BRDA:212,28,0,0
BRDA:212,28,1,0
BRDA:222,29,0,0
BRDA:222,29,1,0
BRDA:225,30,0,0
BRDA:225,30,1,0
BRDA:231,31,0,0
BRDA:231,31,1,0
BRDA:233,32,0,0
BRDA:233,32,1,0
BRDA:239,33,0,0
BRDA:239,33,1,0
BRDA:247,34,0,0
BRDA:247,34,1,0
BRDA:247,35,0,0
BRDA:247,35,1,0
BRDA:254,36,0,0
BRDA:254,36,1,0
BRDA:264,37,0,0
BRDA:264,37,1,0
BRDA:272,38,0,0
BRDA:272,38,1,0
BRDA:279,39,0,0
BRDA:279,39,1,0
BRDA:282,40,0,0
BRDA:282,40,1,0
BRF:82
BRH:16
end_of_record
